Flutter crash report; please file at https://github.com/flutter/flutter/issues.

## command

flutter packages get

## exception

YamlException: Error on line 37, column 3: Expected a key while parsing a block mapping.
  - assets/go-logo.png
  ^

```
#0      Parser._parseBlockMappingKey (package:yaml/src/parser.dart:448:5)
#1      Parser._stateMachine (package:yaml/src/parser.dart:86:16)
#2      Parser.parse (package:yaml/src/parser.dart:47:19)
#3      Loader._loadMapping (package:yaml/src/loader.dart:171:23)
#4      Loader._loadNode (package:yaml/src/loader.dart:86:16)
#5      Loader._loadMapping (package:yaml/src/loader.dart:165:19)
#6      Loader._loadNode (package:yaml/src/loader.dart:86:16)
#7      Loader._loadDocument (package:yaml/src/loader.dart:62:20)
#8      Loader.load (package:yaml/src/loader.dart:54:20)
#9      loadYamlDocument (package:yaml/yaml.dart:51:25)
#10     loadYamlNode (package:yaml/yaml.dart:42:5)
#11     loadYaml (package:yaml/yaml.dart:34:5)
#12     _pluginFromPubspec (package:flutter_tools/src/plugins.dart:62:27)
#13     findPlugins.<anonymous closure> (package:flutter_tools/src/plugins.dart:85:27)
#14     __InternalLinkedHashMap&_HashVMBase&MapMixin&_LinkedHashMapMixin.forEach (dart:collection/runtime/libcompact_hash.dart:370:8)
#15     findPlugins (package:flutter_tools/src/plugins.dart:83:12)
#16     injectPlugins (package:flutter_tools/src/plugins.dart:297:32)
<asynchronous suspension>
#17     FlutterProject.ensureReadyForPlatformSpecificTooling (package:flutter_tools/src/project.dart:142:11)
<asynchronous suspension>
#18     PackagesGetCommand.runCommand (package:flutter_tools/src/commands/packages.dart:90:28)
<asynchronous suspension>
#19     FlutterCommand.verifyThenRunCommand (package:flutter_tools/src/runner/flutter_command.dart:400:18)
#20     _asyncThenWrapperHelper.<anonymous closure> (dart:async/runtime/libasync_patch.dart:77:64)
#21     _rootRunUnary (dart:async/zone.dart:1132:38)
#22     _CustomZone.runUnary (dart:async/zone.dart:1029:19)
#23     _FutureListener.handleValue (dart:async/future_impl.dart:129:18)
#24     Future._propagateToListeners.handleValueCallback (dart:async/future_impl.dart:642:45)
#25     Future._propagateToListeners (dart:async/future_impl.dart:671:32)
#26     Future._complete (dart:async/future_impl.dart:476:7)
#27     _SyncCompleter.complete (dart:async/future_impl.dart:51:12)
#28     _AsyncAwaitCompleter.complete.<anonymous closure> (dart:async/runtime/libasync_patch.dart:33:20)
#29     _rootRun (dart:async/zone.dart:1124:13)
#30     _CustomZone.run (dart:async/zone.dart:1021:19)
#31     _CustomZone.bindCallback.<anonymous closure> (dart:async/zone.dart:947:23)
#32     _microtaskLoop (dart:async/schedule_microtask.dart:41:21)
#33     _startMicrotaskLoop (dart:async/schedule_microtask.dart:50:5)
#34     _runPendingImmediateCallback (dart:isolate/runtime/libisolate_patch.dart:115:13)
#35     _RawReceivePortImpl._handleMessage (dart:isolate/runtime/libisolate_patch.dart:172:5)
```

## flutter doctor

```
[✓] Flutter (Channel beta, v0.11.3, on Mac OS X 10.14 18A389, locale fr-FR)
    • Flutter version 0.11.3 at /Users/kylyu/development/flutter
    • Framework revision 72bf075e8d (6 days ago), 2018-11-09 20:36:17 -0800
    • Engine revision 5646e86a6f
    • Dart version 2.1.0 (build 2.1.0-dev.9.3 9c07fb64c4)

[✓] Android toolchain - develop for Android devices (Android SDK 28.0.3)
    • Android SDK at /Users/kylyu/Library/Android/sdk
    • Android NDK location not configured (optional; useful for native profiling support)
    • Platform android-28, build-tools 28.0.3
    • Java binary at: /Applications/Android Studio.app/Contents/jre/jdk/Contents/Home/bin/java
    • Java version OpenJDK Runtime Environment (build 1.8.0_152-release-1136-b06)
    • All Android licenses accepted.

[✓] iOS toolchain - develop for iOS devices (Xcode 10.1)
    • Xcode at /Applications/Xcode.app/Contents/Developer
    • Xcode 10.1, Build version 10B61
    • ios-deploy 2.0.0
    • CocoaPods version 1.5.3

[✓] Android Studio (version 3.2)
    • Android Studio at /Applications/Android Studio.app/Contents
    ✗ Flutter plugin not installed; this adds Flutter specific functionality.
    ✗ Dart plugin not installed; this adds Dart specific functionality.
    • Java version OpenJDK Runtime Environment (build 1.8.0_152-release-1136-b06)

[✓] VS Code (version 1.29.0)
    • VS Code at /Applications/Visual Studio Code.app/Contents
    • Flutter extension version 2.20.0

[✓] Connected device (1 available)
    • iPhone XR • C3A78E12-98C5-4CD6-8E3C-599D7A03250D • ios • iOS 12.1 (simulator)

• No issues found!
```
